Using pre-set license
Built from 'master' branch; Version is '2020.3.36f1 (71f96b79b9f0) revision 7469419'; Using compiler version '192528614'; Build Type 'Release'
OS: 'Windows 10  (10.0.18362) 64bit Professional' Language: 'en' Physical Memory: 8113 MB
BatchMode: 1, IsHumanControllingUs: 0, StartBugReporterOnCrash: 0, Is64bit: 1, IsPro: 0

COMMAND LINE ARGUMENTS:
C:\Program Files\Unity\Hub\Editor\2020.3.36f1\Editor\Unity.exe
-adb2
-batchMode
-noUpm
-name
AssetImportWorker0
-projectPath
C:/Users/mikis/OneDrive/Documents/GitHub/gamblegolf2/gamblegolf/Gamble Golf
-logFile
Logs/AssetImportWorker0.log
-srvPort
<<<<<<< HEAD
52686
Successfully changed project path to: C:/Users/Sebastian/Documents/gamblegolf/Gamble Golf
C:/Users/Sebastian/Documents/gamblegolf/Gamble Golf
Using Asset Import Pipeline V2.
Refreshing native plugins compatible for Editor in 66.53 ms, found 2 plugins.
=======
51335
Successfully changed project path to: C:/Users/mikis/OneDrive/Documents/GitHub/gamblegolf2/gamblegolf/Gamble Golf
C:/Users/mikis/OneDrive/Documents/GitHub/gamblegolf2/gamblegolf/Gamble Golf
Using Asset Import Pipeline V2.
Refreshing native plugins compatible for Editor in 38.85 ms, found 2 plugins.
>>>>>>> 0e222a37ebad0508767a03cb43de0eb8a6847184
Preloading 0 native plugins for Editor in 0.00 ms.
Initialize engine version: 2020.3.36f1 (71f96b79b9f0)
[Subsystems] Discovering subsystems at path C:/Program Files/Unity/Hub/Editor/2020.3.36f1/Editor/Data/Resources/UnitySubsystems
[Subsystems] Discovering subsystems at path C:/Users/mikis/OneDrive/Documents/GitHub/gamblegolf2/gamblegolf/Gamble Golf/Assets
GfxDevice: creating device client; threaded=0
Direct3D:
    Version:  Direct3D 11.0 [level 11.1]
    Renderer: Intel(R) UHD Graphics 620 (ID=0x5917)
    Vendor:   
    VRAM:     4056 MB
    Driver:   26.20.100.7639
Initialize mono
<<<<<<< HEAD
Mono path[0] = 'C:/Users/Sebastian/AppData/Local/2020.3.36f1/Editor/Data/Managed'
Mono path[1] = 'C:/Users/Sebastian/AppData/Local/2020.3.36f1/Editor/Data/MonoBleedingEdge/lib/mono/unityjit'
Mono config path = 'C:/Users/Sebastian/AppData/Local/2020.3.36f1/Editor/Data/MonoBleedingEdge/etc'
Using monoOptions --debugger-agent=transport=dt_socket,embedding=1,server=y,suspend=n,address=127.0.0.1:56916
Begin MonoManager ReloadAssembly
Registering precompiled unity dll's ...
Register platform support module: C:/Users/Sebastian/AppData/Local/2020.3.36f1/Editor/Data/PlaybackEngines/WebGLSupport/UnityEditor.WebGL.Extensions.dll
Register platform support module: C:/Users/Sebastian/AppData/Local/2020.3.36f1/Editor/Data/PlaybackEngines/WindowsStandaloneSupport/UnityEditor.WindowsStandalone.Extensions.dll
Registered in 0.004576 seconds.
Native extension for WindowsStandalone target not found
Native extension for WebGL target not found
Refreshing native plugins compatible for Editor in 47.98 ms, found 2 plugins.
Preloading 0 native plugins for Editor in 0.00 ms.
Mono: successfully reloaded assembly
- Completed reload, in  1.293 seconds
Domain Reload Profiling:
	ReloadAssembly (1294ms)
		BeginReloadAssembly (118ms)
=======
Mono path[0] = 'C:/Program Files/Unity/Hub/Editor/2020.3.36f1/Editor/Data/Managed'
Mono path[1] = 'C:/Program Files/Unity/Hub/Editor/2020.3.36f1/Editor/Data/MonoBleedingEdge/lib/mono/unityjit'
Mono config path = 'C:/Program Files/Unity/Hub/Editor/2020.3.36f1/Editor/Data/MonoBleedingEdge/etc'
Using monoOptions --debugger-agent=transport=dt_socket,embedding=1,server=y,suspend=n,address=127.0.0.1:56548
Begin MonoManager ReloadAssembly
Registering precompiled unity dll's ...
Register platform support module: C:/Program Files/Unity/Hub/Editor/2020.3.36f1/Editor/Data/PlaybackEngines/WindowsStandaloneSupport/UnityEditor.WindowsStandalone.Extensions.dll
Registered in 0.002048 seconds.
Native extension for WindowsStandalone target not found
Refreshing native plugins compatible for Editor in 41.42 ms, found 2 plugins.
Preloading 0 native plugins for Editor in 0.00 ms.
Mono: successfully reloaded assembly
- Completed reload, in  0.680 seconds
Domain Reload Profiling:
	ReloadAssembly (681ms)
		BeginReloadAssembly (80ms)
>>>>>>> 0e222a37ebad0508767a03cb43de0eb8a6847184
			ExecutionOrderSort (0ms)
			DisableScriptedObjects (0ms)
			BackupInstance (0ms)
			ReleaseScriptingObjects (0ms)
<<<<<<< HEAD
			CreateAndSetChildDomain (2ms)
		EndReloadAssembly (860ms)
			LoadAssemblies (116ms)
			RebuildTransferFunctionScriptingTraits (0ms)
			SetupTypeCache (279ms)
			ReleaseScriptCaches (0ms)
			RebuildScriptCaches (58ms)
			SetupLoadedEditorAssemblies (337ms)
				LogAssemblyErrors (0ms)
				InitializePlatformSupportModulesInManaged (10ms)
				SetLoadedEditorAssemblies (0ms)
				RefreshPlugins (48ms)
				BeforeProcessingInitializeOnLoad (15ms)
				ProcessInitializeOnLoadAttributes (167ms)
				ProcessInitializeOnLoadMethodAttributes (96ms)
=======
			CreateAndSetChildDomain (1ms)
		EndReloadAssembly (520ms)
			LoadAssemblies (77ms)
			RebuildTransferFunctionScriptingTraits (0ms)
			SetupTypeCache (181ms)
			ReleaseScriptCaches (0ms)
			RebuildScriptCaches (38ms)
			SetupLoadedEditorAssemblies (196ms)
				LogAssemblyErrors (0ms)
				InitializePlatformSupportModulesInManaged (6ms)
				SetLoadedEditorAssemblies (0ms)
				RefreshPlugins (42ms)
				BeforeProcessingInitializeOnLoad (10ms)
				ProcessInitializeOnLoadAttributes (102ms)
				ProcessInitializeOnLoadMethodAttributes (36ms)
>>>>>>> 0e222a37ebad0508767a03cb43de0eb8a6847184
				AfterProcessingInitializeOnLoad (0ms)
				EditorAssembliesLoaded (1ms)
			ExecutionOrderSort2 (0ms)
			AwakeInstancesAfterBackupRestoration (0ms)
Platform modules already initialized, skipping
Registering precompiled user dll's ...
<<<<<<< HEAD
Registered in 0.010328 seconds.
Begin MonoManager ReloadAssembly
Native extension for WindowsStandalone target not found
Native extension for WebGL target not found
Refreshing native plugins compatible for Editor in 0.47 ms, found 2 plugins.
Preloading 0 native plugins for Editor in 0.00 ms.
Mono: successfully reloaded assembly
- Completed reload, in  1.660 seconds
Domain Reload Profiling:
	ReloadAssembly (1661ms)
		BeginReloadAssembly (319ms)
			ExecutionOrderSort (0ms)
			DisableScriptedObjects (12ms)
			BackupInstance (0ms)
			ReleaseScriptingObjects (0ms)
			CreateAndSetChildDomain (43ms)
		EndReloadAssembly (1253ms)
			LoadAssemblies (174ms)
			RebuildTransferFunctionScriptingTraits (0ms)
			SetupTypeCache (404ms)
			ReleaseScriptCaches (1ms)
			RebuildScriptCaches (125ms)
			SetupLoadedEditorAssemblies (429ms)
				LogAssemblyErrors (0ms)
				InitializePlatformSupportModulesInManaged (7ms)
				SetLoadedEditorAssemblies (1ms)
				RefreshPlugins (1ms)
				BeforeProcessingInitializeOnLoad (78ms)
				ProcessInitializeOnLoadAttributes (315ms)
				ProcessInitializeOnLoadMethodAttributes (20ms)
				AfterProcessingInitializeOnLoad (7ms)
=======
Registered in 0.003980 seconds.
Begin MonoManager ReloadAssembly
Native extension for WindowsStandalone target not found
Refreshing native plugins compatible for Editor in 0.39 ms, found 2 plugins.
Preloading 0 native plugins for Editor in 0.00 ms.
Mono: successfully reloaded assembly
- Completed reload, in  1.129 seconds
Domain Reload Profiling:
	ReloadAssembly (1130ms)
		BeginReloadAssembly (177ms)
			ExecutionOrderSort (0ms)
			DisableScriptedObjects (5ms)
			BackupInstance (0ms)
			ReleaseScriptingObjects (0ms)
			CreateAndSetChildDomain (24ms)
		EndReloadAssembly (891ms)
			LoadAssemblies (102ms)
			RebuildTransferFunctionScriptingTraits (0ms)
			SetupTypeCache (306ms)
			ReleaseScriptCaches (0ms)
			RebuildScriptCaches (50ms)
			SetupLoadedEditorAssemblies (348ms)
				LogAssemblyErrors (0ms)
				InitializePlatformSupportModulesInManaged (4ms)
				SetLoadedEditorAssemblies (0ms)
				RefreshPlugins (0ms)
				BeforeProcessingInitializeOnLoad (58ms)
				ProcessInitializeOnLoadAttributes (259ms)
				ProcessInitializeOnLoadMethodAttributes (17ms)
				AfterProcessingInitializeOnLoad (8ms)
				EditorAssembliesLoaded (0ms)
			ExecutionOrderSort2 (0ms)
			AwakeInstancesAfterBackupRestoration (2ms)
Platform modules already initialized, skipping
========================================================================
Worker process is ready to serve import requests
Launched and connected shader compiler UnityShaderCompiler.exe after 0.07 seconds
Refreshing native plugins compatible for Editor in 0.43 ms, found 2 plugins.
Preloading 0 native plugins for Editor in 0.00 ms.
Unloading 1512 Unused Serialized files (Serialized files now loaded: 0)
System memory in use before: 69.2 MB.
System memory in use after: 69.2 MB.

Unloading 16 unused Assets to reduce memory usage. Loaded Objects now: 1948.
Total: 3.401800 ms (FindLiveObjects: 0.165500 ms CreateObjectMapping: 0.080400 ms MarkObjects: 3.065900 ms  DeleteObjects: 0.088900 ms)

AssetImportParameters requested are different than current active one (requested -> active):
  custom:framework-win-MediaFoundation: 216162199b28c13a410421893ffa2e32 -> 
  custom:video-decoder-ogg-theora: a1e56fd34408186e4bbccfd4996cb3dc -> 
  custom:container-muxer-webm: aa71ff27fc2769a1b78a27578f13a17b -> 
  custom:container-demuxer-webm: 4f35f7cbe854078d1ac9338744f61a02 -> 
  custom:container-demuxer-ogg: 62fdf1f143b41e24485cea50d1cbac27 -> 
  custom:video-encoder-webm-vp8: eb34c28f22e8b96e1ab97ce403110664 -> 
  custom:video-codec-MediaFoundation-h265: 746d11721c4dcdbdad8f713fa42b33f4 -> 
  custom:video-decoder-webm-vp8: 9c59270c3fd7afecdb556c50c9e8de78 -> 
  custom:audio-decoder-ogg-vorbis: bf7c407c2cedff20999df2af8eb42d56 -> 
  custom:audio-encoder-webm-vorbis: bf7c407c2cedff20999df2af8eb42d56 -> 
========================================================================
Received Import Request.
  path: Assets/Graphics/Ground.mat
  artifactKey: Guid(d03db08ec7ff0a147bf82c100171007f) Importer(815301076,1909f56bfc062723c751e8b465ee728b)
Start importing Assets/Graphics/Ground.mat using Guid(d03db08ec7ff0a147bf82c100171007f) Importer(815301076,1909f56bfc062723c751e8b465ee728b)  -> (artifact id: '1c292eda8aef8b8a1bf80a3aa51131a4') in 0.165231 seconds 
========================================================================
Received Import Request.
  Time since last request: 0.000324 seconds.
  path: Assets/Scripts
  artifactKey: Guid(e9c68d0457b58c747b12c7322ad3090e) Importer(815301076,1909f56bfc062723c751e8b465ee728b)
Start importing Assets/Scripts using Guid(e9c68d0457b58c747b12c7322ad3090e) Importer(815301076,1909f56bfc062723c751e8b465ee728b)  -> (artifact id: 'b843946edf21dff99b327a3829cb8a3f') in 0.007721 seconds 
========================================================================
Received Import Request.
  Time since last request: 6.177895 seconds.
  path: Assets/Scripts/Controller Script.cs
  artifactKey: Guid(30a84c46cb45b064da3ae813a7bd3887) Importer(815301076,1909f56bfc062723c751e8b465ee728b)
Start importing Assets/Scripts/Controller Script.cs using Guid(30a84c46cb45b064da3ae813a7bd3887) Importer(815301076,1909f56bfc062723c751e8b465ee728b)  -> (artifact id: '4ebed30449e7176ba2e3686b6efe3629') in 0.022558 seconds 
========================================================================
Received Prepare
Registering precompiled user dll's ...
Registered in 0.005450 seconds.
Begin MonoManager ReloadAssembly
Native extension for WindowsStandalone target not found
Refreshing native plugins compatible for Editor in 0.39 ms, found 2 plugins.
Preloading 0 native plugins for Editor in 0.00 ms.
Mono: successfully reloaded assembly
- Completed reload, in  1.568 seconds
Domain Reload Profiling:
	ReloadAssembly (1569ms)
		BeginReloadAssembly (251ms)
			ExecutionOrderSort (0ms)
			DisableScriptedObjects (5ms)
			BackupInstance (0ms)
			ReleaseScriptingObjects (0ms)
			CreateAndSetChildDomain (46ms)
		EndReloadAssembly (1156ms)
			LoadAssemblies (230ms)
			RebuildTransferFunctionScriptingTraits (0ms)
			SetupTypeCache (545ms)
			ReleaseScriptCaches (1ms)
			RebuildScriptCaches (45ms)
			SetupLoadedEditorAssemblies (337ms)
				LogAssemblyErrors (0ms)
				InitializePlatformSupportModulesInManaged (5ms)
				SetLoadedEditorAssemblies (1ms)
				RefreshPlugins (0ms)
				BeforeProcessingInitializeOnLoad (60ms)
				ProcessInitializeOnLoadAttributes (244ms)
				ProcessInitializeOnLoadMethodAttributes (17ms)
				AfterProcessingInitializeOnLoad (9ms)
>>>>>>> 0e222a37ebad0508767a03cb43de0eb8a6847184
				EditorAssembliesLoaded (0ms)
			ExecutionOrderSort2 (0ms)
			AwakeInstancesAfterBackupRestoration (3ms)
Platform modules already initialized, skipping
<<<<<<< HEAD
========================================================================
Worker process is ready to serve import requests
Launched and connected shader compiler UnityShaderCompiler.exe after 0.14 seconds
Refreshing native plugins compatible for Editor in 0.55 ms, found 2 plugins.
=======
Refreshing native plugins compatible for Editor in 0.40 ms, found 2 plugins.
>>>>>>> 0e222a37ebad0508767a03cb43de0eb8a6847184
Preloading 0 native plugins for Editor in 0.00 ms.
Unloading 1507 Unused Serialized files (Serialized files now loaded: 0)
System memory in use before: 72.4 MB.
System memory in use after: 72.5 MB.

<<<<<<< HEAD
Unloading 16 unused Assets to reduce memory usage. Loaded Objects now: 1947.
Total: 6.225100 ms (FindLiveObjects: 0.271700 ms CreateObjectMapping: 0.109900 ms MarkObjects: 5.690000 ms  DeleteObjects: 0.151500 ms)
=======
Unloading 11 unused Assets to reduce memory usage. Loaded Objects now: 1992.
Total: 3.783300 ms (FindLiveObjects: 0.161100 ms CreateObjectMapping: 0.066000 ms MarkObjects: 3.520800 ms  DeleteObjects: 0.033900 ms)
>>>>>>> 0e222a37ebad0508767a03cb43de0eb8a6847184

AssetImportParameters requested are different than current active one (requested -> active):
  custom:framework-win-MediaFoundation: 216162199b28c13a410421893ffa2e32 -> 
  custom:video-decoder-ogg-theora: a1e56fd34408186e4bbccfd4996cb3dc -> 
  custom:container-muxer-webm: aa71ff27fc2769a1b78a27578f13a17b -> 
  custom:container-demuxer-webm: 4f35f7cbe854078d1ac9338744f61a02 -> 
  custom:container-demuxer-ogg: 62fdf1f143b41e24485cea50d1cbac27 -> 
  custom:video-encoder-webm-vp8: eb34c28f22e8b96e1ab97ce403110664 -> 
<<<<<<< HEAD
  custom:video-decoder-webm-vp8: 9c59270c3fd7afecdb556c50c9e8de78 -> 
  custom:audio-decoder-ogg-vorbis: bf7c407c2cedff20999df2af8eb42d56 -> 
  custom:audio-encoder-webm-vorbis: bf7c407c2cedff20999df2af8eb42d56 -> 
========================================================================
Received Import Request.
  path: Assets/Scripts
  artifactKey: Guid(e9c68d0457b58c747b12c7322ad3090e) Importer(815301076,1909f56bfc062723c751e8b465ee728b)
Start importing Assets/Scripts using Guid(e9c68d0457b58c747b12c7322ad3090e) Importer(815301076,1909f56bfc062723c751e8b465ee728b)  -> (artifact id: 'b843946edf21dff99b327a3829cb8a3f') in 0.020968 seconds 
========================================================================
Received Import Request.
  Time since last request: 1336.024811 seconds.
  path: Assets/Lowpoly Forest Pack/Prefabs/Bush01.prefab
  artifactKey: Guid(c309f1fdc1ba06e4a849cdd8749eacef) Importer(815301076,1909f56bfc062723c751e8b465ee728b)
Start importing Assets/Lowpoly Forest Pack/Prefabs/Bush01.prefab using Guid(c309f1fdc1ba06e4a849cdd8749eacef) Importer(815301076,1909f56bfc062723c751e8b465ee728b)  -> (artifact id: '92a405b93da64db4e3f4e478aa841abf') in 0.663135 seconds 
========================================================================
Received Import Request.
  Time since last request: 0.000519 seconds.
  path: Assets/Lowpoly Forest Pack/Prefabs/Rock03.prefab
  artifactKey: Guid(eafc3ed33a697a4479cb6159bf405fed) Importer(815301076,1909f56bfc062723c751e8b465ee728b)
Start importing Assets/Lowpoly Forest Pack/Prefabs/Rock03.prefab using Guid(eafc3ed33a697a4479cb6159bf405fed) Importer(815301076,1909f56bfc062723c751e8b465ee728b)  -> (artifact id: '1508cef4c1fcb625b7764a8d7818942c') in 0.069214 seconds 
========================================================================
Received Import Request.
  Time since last request: 0.000506 seconds.
  path: Assets/Lowpoly Forest Pack/Prefabs
  artifactKey: Guid(db72a9502dade45438b46fad8d329f00) Importer(815301076,1909f56bfc062723c751e8b465ee728b)
Start importing Assets/Lowpoly Forest Pack/Prefabs using Guid(db72a9502dade45438b46fad8d329f00) Importer(815301076,1909f56bfc062723c751e8b465ee728b)  -> (artifact id: 'd3a362e988bc562deec587eee8ee172f') in 0.014638 seconds 
========================================================================
Received Import Request.
  Time since last request: 0.000522 seconds.
  path: Assets/Lowpoly Forest Pack/Prefabs/Bush02.prefab
  artifactKey: Guid(a158e0d71b9d28a449578a6a542211cb) Importer(815301076,1909f56bfc062723c751e8b465ee728b)
Start importing Assets/Lowpoly Forest Pack/Prefabs/Bush02.prefab using Guid(a158e0d71b9d28a449578a6a542211cb) Importer(815301076,1909f56bfc062723c751e8b465ee728b)  -> (artifact id: '1dece740d8d405dae752cbc5c51b35bf') in 0.042324 seconds 
========================================================================
Received Import Request.
  Time since last request: 0.000517 seconds.
  path: Assets/Lowpoly Forest Pack/Prefabs/Tree04.prefab
  artifactKey: Guid(5b8d1200b09c3384bafaef83c5cfc6df) Importer(815301076,1909f56bfc062723c751e8b465ee728b)
Start importing Assets/Lowpoly Forest Pack/Prefabs/Tree04.prefab using Guid(5b8d1200b09c3384bafaef83c5cfc6df) Importer(815301076,1909f56bfc062723c751e8b465ee728b)  -> (artifact id: 'ea276b40c04ded11c13a1b7a4fcce600') in 0.041398 seconds 
========================================================================
Received Import Request.
  Time since last request: 0.000651 seconds.
  path: Assets/Lowpoly Forest Pack/Prefabs/Tree02.prefab
  artifactKey: Guid(98791aa43884f864e8efd816a7841eac) Importer(815301076,1909f56bfc062723c751e8b465ee728b)
Start importing Assets/Lowpoly Forest Pack/Prefabs/Tree02.prefab using Guid(98791aa43884f864e8efd816a7841eac) Importer(815301076,1909f56bfc062723c751e8b465ee728b)  -> (artifact id: 'a3acb099f3446059a2ddb6a3afd97f0e') in 0.071465 seconds 
========================================================================
Received Import Request.
  Time since last request: 0.000547 seconds.
  path: Assets/Lowpoly Forest Pack/Prefabs/Rock01.prefab
  artifactKey: Guid(c3fedfe66013d4549b77ea039e3076c0) Importer(815301076,1909f56bfc062723c751e8b465ee728b)
Start importing Assets/Lowpoly Forest Pack/Prefabs/Rock01.prefab using Guid(c3fedfe66013d4549b77ea039e3076c0) Importer(815301076,1909f56bfc062723c751e8b465ee728b)  -> (artifact id: '9f425c0840bb7e4064796ae400fc9df4') in 0.052117 seconds 
========================================================================
Received Import Request.
  Time since last request: 0.000604 seconds.
  path: Assets/Lowpoly Forest Pack/Prefabs/Bush03.prefab
  artifactKey: Guid(d0a555f42830f0b4ea42031195259d2a) Importer(815301076,1909f56bfc062723c751e8b465ee728b)
Start importing Assets/Lowpoly Forest Pack/Prefabs/Bush03.prefab using Guid(d0a555f42830f0b4ea42031195259d2a) Importer(815301076,1909f56bfc062723c751e8b465ee728b)  -> (artifact id: '9c61af10db32f5fcfd4583ef0abb9291') in 0.066496 seconds 
========================================================================
Received Import Request.
  Time since last request: 0.000792 seconds.
  path: Assets/Lowpoly Forest Pack/Prefabs/Rock02.prefab
  artifactKey: Guid(61efeedd509c7d44eb2acbc1b56a1e8f) Importer(815301076,1909f56bfc062723c751e8b465ee728b)
Start importing Assets/Lowpoly Forest Pack/Prefabs/Rock02.prefab using Guid(61efeedd509c7d44eb2acbc1b56a1e8f) Importer(815301076,1909f56bfc062723c751e8b465ee728b)  -> (artifact id: '0021ce0a851b3283f146e11aa1659a33') in 0.063794 seconds 
========================================================================
Received Import Request.
  Time since last request: 0.000701 seconds.
  path: Assets/Lowpoly Forest Pack/Prefabs/Tree03.prefab
  artifactKey: Guid(a95f4c541fb4d8242a4b693503adb360) Importer(815301076,1909f56bfc062723c751e8b465ee728b)
Start importing Assets/Lowpoly Forest Pack/Prefabs/Tree03.prefab using Guid(a95f4c541fb4d8242a4b693503adb360) Importer(815301076,1909f56bfc062723c751e8b465ee728b)  -> (artifact id: 'ec5dce413ea965f8f52b30ae701dda97') in 0.064735 seconds 
========================================================================
Received Import Request.
  Time since last request: 0.000789 seconds.
  path: Assets/Lowpoly Forest Pack/Prefabs/Bush04.prefab
  artifactKey: Guid(a3acb8a3e5ab6ff4db49b7c35b6c1f10) Importer(815301076,1909f56bfc062723c751e8b465ee728b)
Start importing Assets/Lowpoly Forest Pack/Prefabs/Bush04.prefab using Guid(a3acb8a3e5ab6ff4db49b7c35b6c1f10) Importer(815301076,1909f56bfc062723c751e8b465ee728b)  -> (artifact id: 'e2869cddd20da2f314396394c8ff6db5') in 0.067247 seconds 
========================================================================
Received Import Request.
  Time since last request: 0.000694 seconds.
  path: Assets/Lowpoly Forest Pack/Prefabs/Mushroom01.prefab
  artifactKey: Guid(07c1cd67eb401c84e99a21fb60b216a1) Importer(815301076,1909f56bfc062723c751e8b465ee728b)
Start importing Assets/Lowpoly Forest Pack/Prefabs/Mushroom01.prefab using Guid(07c1cd67eb401c84e99a21fb60b216a1) Importer(815301076,1909f56bfc062723c751e8b465ee728b)  -> (artifact id: '9eb30794f428ecbb7a9e30b31b477505') in 0.068551 seconds 
========================================================================
Received Import Request.
  Time since last request: 0.000886 seconds.
  path: Assets/Lowpoly Forest Pack/Prefabs/Tree01.prefab
  artifactKey: Guid(30c6835c55f25574fb0de0175012fd4e) Importer(815301076,1909f56bfc062723c751e8b465ee728b)
Start importing Assets/Lowpoly Forest Pack/Prefabs/Tree01.prefab using Guid(30c6835c55f25574fb0de0175012fd4e) Importer(815301076,1909f56bfc062723c751e8b465ee728b)  -> (artifact id: '43560bfbd5baca3f0bd3b432ce5e8a17') in 0.072330 seconds 
========================================================================
Received Import Request.
  Time since last request: 0.000877 seconds.
  path: Assets/Lowpoly Forest Pack/Prefabs/Tree05.prefab
  artifactKey: Guid(600491ce39e51af4e88e958fad3f21d1) Importer(815301076,1909f56bfc062723c751e8b465ee728b)
Start importing Assets/Lowpoly Forest Pack/Prefabs/Tree05.prefab using Guid(600491ce39e51af4e88e958fad3f21d1) Importer(815301076,1909f56bfc062723c751e8b465ee728b)  -> (artifact id: '79a32338e5e963a740d95a4e53b96470') in 0.069736 seconds 
========================================================================
Received Import Request.
  Time since last request: 0.000794 seconds.
  path: Assets/Lowpoly Forest Pack/Prefabs/Tree06.prefab
  artifactKey: Guid(415b8efaaafe2894d8b83242001cc681) Importer(815301076,1909f56bfc062723c751e8b465ee728b)
Start importing Assets/Lowpoly Forest Pack/Prefabs/Tree06.prefab using Guid(415b8efaaafe2894d8b83242001cc681) Importer(815301076,1909f56bfc062723c751e8b465ee728b)  -> (artifact id: '339085a273cf371a7b37963573bfd4d5') in 0.081173 seconds 
=======
  custom:video-codec-MediaFoundation-h265: 746d11721c4dcdbdad8f713fa42b33f4 -> 
  custom:video-decoder-webm-vp8: 9c59270c3fd7afecdb556c50c9e8de78 -> 
  custom:audio-decoder-ogg-vorbis: bf7c407c2cedff20999df2af8eb42d56 -> 
  custom:audio-encoder-webm-vorbis: bf7c407c2cedff20999df2af8eb42d56 -> 
>>>>>>> 0e222a37ebad0508767a03cb43de0eb8a6847184
AssetImportWorkerClient::OnTransportError - code=2 error=End of file
